Fri 21 Mar 2025 08:58:58 PM UTC: 
 exercises.c | 5 +++++
 1 file changed, 5 insertions(+)
In file included from test.c:5:
exercises.c: In function ‘crea_lista’:
exercises.c:49:20: error: passing argument 2 of ‘pushFront’ makes pointer from integer without a cast [-Werror=int-conversion]
   49 |       pushFront(L, *dato);
      |                    ^~~~~
      |                    |
      |                    int
In file included from exercises.c:6:
arraylist.h:17:31: note: expected ‘void *’ but argument is of type ‘int’
   17 | void pushFront(List *L, void *dato);
      |                         ~~~~~~^~~~
cc1: all warnings being treated as errors
Compilation failed
3f6cb15
Fri 21 Mar 2025 08:59:06 PM UTC: 
 exercises.c | 2 +-
 1 file changed, 1 insertion(+), 1 deletion(-)
 tests:  1|4
total_score: 10/70
6b0e0fb
Fri 21 Mar 2025 09:01:27 PM UTC: 
 exercises.c | 2 +-
 1 file changed, 1 insertion(+), 1 deletion(-)
In file included from test.c:5:
exercises.c: In function ‘crea_lista’:
exercises.c:47:21: error: expected expression before ‘int’
   47 |       int* dato = (*int) malloc(sizeof(int));
      |                     ^~~
exercises.c:47:26: error: expected ‘,’ or ‘;’ before ‘malloc’
   47 |       int* dato = (*int) malloc(sizeof(int));
      |                          ^~~~~~
Compilation failed
81b2d2c
Fri 21 Mar 2025 09:01:45 PM UTC: 
 exercises.c | 2 +-
 1 file changed, 1 insertion(+), 1 deletion(-)
 tests:  1|4
total_score: 10/70
a6aa8eb
Fri 21 Mar 2025 09:03:07 PM UTC: 
 exercises.c | 10 +++++-----
 1 file changed, 5 insertions(+), 5 deletions(-)
 tests:  1|4
total_score: 10/70
2b59b2f
Fri 21 Mar 2025 09:07:22 PM UTC: 
 exercises.c | 8 +++++++-
 1 file changed, 7 insertions(+), 1 deletion(-)
 tests:  2|3
total_score: 20/70
d79e6f8
Fri 21 Mar 2025 09:08:30 PM UTC: 
 exercises.c | 4 ++--
 1 file changed, 2 insertions(+), 2 deletions(-)
 tests:  2|3
total_score: 20/70
94b1a30
Fri 21 Mar 2025 09:10:37 PM UTC: 
 exercises.c | 20 ++++++++++----------
 1 file changed, 10 insertions(+), 10 deletions(-)
 tests:  2|3
total_score: 20/70
b41c029
Fri 21 Mar 2025 09:14:48 PM UTC: 
 exercises.c | 9 ++++++++-
 1 file changed, 8 insertions(+), 1 deletion(-)
 tests:  3|2
total_score: 40/70
badbb2a
Fri 21 Mar 2025 09:15:43 PM UTC: 
 exercises.c | 2 +-
 1 file changed, 1 insertion(+), 1 deletion(-)
 tests:  3|2
total_score: 40/70
0e22a05
Fri 21 Mar 2025 09:20:46 PM UTC: 
 exercises.c | 11 +++++++++++
 1 file changed, 11 insertions(+)
 tests:  3|2
total_score: 40/70
af0b479
Fri 21 Mar 2025 09:21:20 PM UTC: 
 exercises.c | 1 +
 1 file changed, 1 insertion(+)
 tests:  3|2
total_score: 40/70
6dd5932
Fri 21 Mar 2025 09:24:06 PM UTC: 
 exercises.c | 14 +++++++-------
 1 file changed, 7 insertions(+), 7 deletions(-)
In file included from test.c:5:
exercises.c: In function ‘copia_pila’:
exercises.c:104:10: error: ‘dato’ undeclared (first use in this function)
  104 |    while(dato != NULL){
      |          ^~~~
exercises.c:104:10: note: each undeclared identifier is reported only once for each function it appears in
Compilation failed
d64cd88
Fri 21 Mar 2025 09:24:29 PM UTC: 
 exercises.c | 2 +-
 1 file changed, 1 insertion(+), 1 deletion(-)
In file included from test.c:5:
exercises.c: In function ‘copia_pila’:
exercises.c:107:7: error: ‘dato’ undeclared (first use in this function)
  107 |       dato = pop(aux);
      |       ^~~~
exercises.c:107:7: note: each undeclared identifier is reported only once for each function it appears in
Compilation failed
b6c710f
Fri 21 Mar 2025 09:24:36 PM UTC: 
 exercises.c | 2 +-
 1 file changed, 1 insertion(+), 1 deletion(-)
 tests:  4|1
total_score: 50/70
1693056
Fri 21 Mar 2025 10:08:56 PM UTC: 
 exercises.c | 7 +++++++
 1 file changed, 7 insertions(+)
 tests:  4|1
total_score: 50/70
541d2a0
Fri 21 Mar 2025 10:24:45 PM UTC: 
 exercises.c | 24 ++++++++++++++++--------
 1 file changed, 16 insertions(+), 8 deletions(-)
In file included from test.c:5:
exercises.c: In function ‘parentesisBalanceados’:
exercises.c:128:13: error: ‘tope’ undeclared (first use in this function); did you mean ‘top’?
  128 |          if(tope == NULL) return 0;// significa que no ingreso ningun parentesis.
      |             ^~~~
      |             top
exercises.c:128:13: note: each undeclared identifier is reported only once for each function it appears in
exercises.c:129:30: error: suggest parentheses around ‘&&’ within ‘||’ [-Werror=parentheses]
  129 |          if(cadena[k] == ')' && *elemento != '(' ||cadena[k] == '[' && *elemento != ']' ||cadena[k] == '{' && *elemento != '}')return 0; // si el elemento de la pila es distinto al parentesis del caracter que se esta evaluando no es balanceado.
      |             ~~~~~~~~~~~~~~~~~^~~~~~~~~~~~~~~~~~~
exercises.c:129:108: error: suggest parentheses around ‘&&’ within ‘||’ [-Werror=parentheses]
  129 |          if(cadena[k] == ')' && *elemento != '(' ||cadena[k] == '[' && *elemento != ']' ||cadena[k] == '{' && *elemento != '}')return 0; // si el elemento de la pila es distinto al parentesis del caracter que se esta evaluando no es balanceado.
      |                                                                                           ~~~~~~~~~~~~~~~~~^~~~~~~~~~~~~~~~~~~
exercises.c: At top level:
exercises.c:133:1: error: expected identifier or ‘(’ before ‘if’
  133 | if(top(pila) == NULL)return 1;// significa que verifico todos los datos guardados en la pila y no queda ninguno por revisar, y que por lo tanto es balanceado.
      | ^~
exercises.c:134:1: error: expected identifier or ‘(’ before ‘return’
  134 | return 0;// no es balanceado.
      | ^~~~~~
exercises.c:135:1: error: expected identifier or ‘(’ before ‘}’ token
  135 | }
      | ^
exercises.c: In function ‘parentesisBalanceados’:
exercises.c:132:7: error: control reaches end of non-void function [-Werror=return-type]
  132 |       }
      |       ^
cc1: all warnings being treated as errors
Compilation failed
81ac295
Fri 21 Mar 2025 10:25:20 PM UTC: 
 exercises.c | 2 +-
 1 file changed, 1 insertion(+), 1 deletion(-)
In file included from test.c:5:
exercises.c: In function ‘parentesisBalanceados’:
exercises.c:129:30: error: suggest parentheses around ‘&&’ within ‘||’ [-Werror=parentheses]
  129 |          if(cadena[k] == ')' && *elemento != '(' ||cadena[k] == '[' && *elemento != ']' ||cadena[k] == '{' && *elemento != '}')return 0; // si el elemento de la pila es distinto al parentesis del caracter que se esta evaluando no es balanceado.
      |             ~~~~~~~~~~~~~~~~~^~~~~~~~~~~~~~~~~~~
exercises.c:129:108: error: suggest parentheses around ‘&&’ within ‘||’ [-Werror=parentheses]
  129 |          if(cadena[k] == ')' && *elemento != '(' ||cadena[k] == '[' && *elemento != ']' ||cadena[k] == '{' && *elemento != '}')return 0; // si el elemento de la pila es distinto al parentesis del caracter que se esta evaluando no es balanceado.
      |                                                                                           ~~~~~~~~~~~~~~~~~^~~~~~~~~~~~~~~~~~~
exercises.c: At top level:
exercises.c:133:1: error: expected identifier or ‘(’ before ‘if’
  133 | if(top(pila) == NULL)return 1;// significa que verifico todos los datos guardados en la pila y no queda ninguno por revisar, y que por lo tanto es balanceado.
      | ^~
exercises.c:134:1: error: expected identifier or ‘(’ before ‘return’
  134 | return 0;// no es balanceado.
      | ^~~~~~
exercises.c:135:1: error: expected identifier or ‘(’ before ‘}’ token
  135 | }
      | ^
exercises.c: In function ‘parentesisBalanceados’:
exercises.c:132:7: error: control reaches end of non-void function [-Werror=return-type]
  132 |       }
      |       ^
cc1: all warnings being treated as errors
Compilation failed
67bfa73
Fri 21 Mar 2025 10:32:38 PM UTC: 
 exercises.c | 6 +++---
 1 file changed, 3 insertions(+), 3 deletions(-)
In file included from test.c:5:
exercises.c: In function ‘parentesisBalanceados’:
exercises.c:129:30: error: suggest parentheses around ‘&&’ within ‘||’ [-Werror=parentheses]
  129 |          if(cadena[k] == ']' && *elemento != '[' ||cadena[k] == '}' && *elemento != '{' ||cadena[k] == '(' && *elemento != ')')return 0; // si el elemento de la pila es distinto al parentesis del caracter que se esta evaluando no es balanceado.
      |             ~~~~~~~~~~~~~~~~~^~~~~~~~~~~~~~~~~~~
exercises.c:129:108: error: suggest parentheses around ‘&&’ within ‘||’ [-Werror=parentheses]
  129 |          if(cadena[k] == ']' && *elemento != '[' ||cadena[k] == '}' && *elemento != '{' ||cadena[k] == '(' && *elemento != ')')return 0; // si el elemento de la pila es distinto al parentesis del caracter que se esta evaluando no es balanceado.
      |                                                                                           ~~~~~~~~~~~~~~~~~^~~~~~~~~~~~~~~~~~~
exercises.c: At top level:
exercises.c:133:1: error: expected identifier or ‘(’ before ‘if’
  133 | if(top(pila) == NULL)return 1;// significa que verifico todos los datos guardados en la pila y no queda ninguno por revisar, y que por lo tanto es balanceado.
      | ^~
exercises.c:134:1: error: expected identifier or ‘(’ before ‘return’
  134 | return 0;// no es balanceado.
      | ^~~~~~
exercises.c:135:1: error: expected identifier or ‘(’ before ‘}’ token
  135 | }
      | ^
exercises.c: In function ‘parentesisBalanceados’:
exercises.c:132:7: error: control reaches end of non-void function [-Werror=return-type]
  132 |       }
      |       ^
cc1: all warnings being treated as errors
Compilation failed
eae7fe3
Fri 21 Mar 2025 10:36:41 PM UTC: 
 exercises.c | 32 ++++++++++++++++----------------
 1 file changed, 16 insertions(+), 16 deletions(-)
In file included from test.c:5:
exercises.c: In function ‘parentesisBalanceados’:
exercises.c:129:30: error: suggest parentheses around ‘&&’ within ‘||’ [-Werror=parentheses]
  129 |          if(cadena[k] == ']' && *elemento != '[' ||cadena[k] == '}' && *elemento != '{' ||cadena[k] == '(' && *elemento != ')')return 0;
      |             ~~~~~~~~~~~~~~~~~^~~~~~~~~~~~~~~~~~~
exercises.c:129:108: error: suggest parentheses around ‘&&’ within ‘||’ [-Werror=parentheses]
  129 |          if(cadena[k] == ']' && *elemento != '[' ||cadena[k] == '}' && *elemento != '{' ||cadena[k] == '(' && *elemento != ')')return 0;
      |                                                                                           ~~~~~~~~~~~~~~~~~^~~~~~~~~~~~~~~~~~~
exercises.c: At top level:
exercises.c:133:1: error: expected identifier or ‘(’ before ‘if’
  133 | if(top(pila) == NULL)return 1;
      | ^~
exercises.c:134:1: error: expected identifier or ‘(’ before ‘return’
  134 | return 0;
      | ^~~~~~
exercises.c:135:1: error: expected identifier or ‘(’ before ‘}’ token
  135 | }
      | ^
exercises.c: In function ‘parentesisBalanceados’:
exercises.c:132:7: error: control reaches end of non-void function [-Werror=return-type]
  132 |       }
      |       ^
cc1: all warnings being treated as errors
Compilation failed
85ef02c
